<?xml version="1.0" encoding="UTF-8"?>
<!-- Generated by org.testng.reporters.JUnitXMLReporter -->
<testsuite ignored="1" hostname="DESKTOP-P1BHIPQ" failures="0" tests="1" name="Default test" time="0.067" errors="0" timestamp="2020-09-22T23:45:18 AEST">
  <testcase classname="qaclickacademy.Mavenjava.SeleniumTest" name="browserAutomation" time="0.016"/>
  <testcase classname="qaclickacademy.Mavenjava.SeleniumTest" name="elementsUI" time="0.0">
    <ignored/>
  </testcase> <!-- elementsUI -->
</testsuite> <!-- Default test -->
