<?xml version="1.0" encoding="UTF-8"?>
<!-- Generated by org.testng.reporters.JUnitXMLReporter -->
<testsuite ignored="0" hostname="DESKTOP-P1BHIPQ" failures="0" tests="6" name="Command line test" time="0.068" errors="0" timestamp="2020-09-23T01:50:50 AEST">
  <testcase classname="qaclickacademy.Mavenjava.AppiumTest" name="AppiumAutomation" time="0.006"/>
  <testcase classname="qaclickacademy.Mavenjava.AppiumTest" name="deleteAppiumAutomation" time="0.0"/>
  <testcase classname="qaclickacademy.Mavenjava.RESTAPITest" name="RestAPIAutomation" time="0.0"/>
  <testcase classname="qaclickacademy.Mavenjava.RESTAPITest" name="deleteAPIAutomation" time="0.001"/>
  <testcase classname="qaclickacademy.Mavenjava.SeleniumTest" name="browserAutomation" time="0.001"/>
  <testcase classname="qaclickacademy.Mavenjava.SeleniumTest" name="elementsUI" time="0.0"/>
</testsuite> <!-- Command line test -->
