<?xml version="1.0" encoding="UTF-8"?>
<!-- Generated by org.testng.reporters.JUnitXMLReporter -->
<testsuite ignored="0" hostname="DESKTOP-P1BHIPQ" failures="0" tests="4" name="Test" time="0.069" errors="0" timestamp="2020-09-23T01:57:11 AEST">
  <testcase classname="qaclickacademy.Mavenjava.RESTAPITest" name="RestAPIAutomation" time="0.007"/>
  <testcase classname="qaclickacademy.Mavenjava.RESTAPITest" name="deleteAPIAutomation" time="0.001"/>
  <testcase classname="qaclickacademy.Mavenjava.AppiumTest" name="AppiumAutomation" time="0.001"/>
  <testcase classname="qaclickacademy.Mavenjava.AppiumTest" name="deleteAppiumAutomation" time="0.001"/>
</testsuite> <!-- Test -->
