<?xml version="1.0" encoding="UTF-8"?>
<testng-results ignored="1" total="2" passed="1" failed="0" skipped="0">
  <reporter-output>
  </reporter-output>
  <suite started-at="2020-09-22T23:45:18 AEST" name="Default suite" finished-at="2020-09-22T23:45:18 AEST" duration-ms="67">
    <groups>
    </groups>
    <test started-at="2020-09-22T23:45:18 AEST" name="Default test" finished-at="2020-09-22T23:45:18 AEST" duration-ms="67">
      <class name="qaclickacademy.Mavenjava.SeleniumTest">
        <test-method signature="browserAutomation()[pri:0, instance:qaclickacademy.Mavenjava.SeleniumTest@13c10b87]" started-at="2020-09-22T23:45:18 AEST" name="browserAutomation" finished-at="2020-09-22T23:45:18 AEST" duration-ms="16" status="PASS">
          <reporter-output>
          </reporter-output>
        </test-method> <!-- browserAutomation -->
      </class> <!-- qaclickacademy.Mavenjava.SeleniumTest -->
    </test> <!-- Default test -->
  </suite> <!-- Default suite -->
</testng-results>
